# JRE version: Java(TM) SE Runtime Environment (8.0_191-b12) (build 1.8.0_191-b12)
# Java VM: Java HotSpot(TM) 64-Bit Server VM (25.191-b12 mixed mode windows-amd64 compressed oops)
Heap:
 PSYoungGen      total 139264K, used 12837K [0x00000000eb200000, 0x00000000f5c80000, 0x0000000100000000)
  eden space 128000K, 10% used [0x00000000eb200000,0x00000000ebe895c0,0x00000000f2f00000)
  from space 11264K, 0% used [0x00000000f5180000,0x00000000f5180000,0x00000000f5c80000)
  to   space 9216K, 0% used [0x00000000f2f00000,0x00000000f2f00000,0x00000000f3800000)
 ParOldGen       total 39424K, used 19300K [0x00000000c1600000, 0x00000000c3c80000, 0x00000000eb200000)
  object space 39424K, 48% used [0x00000000c1600000,0x00000000c28d9310,0x00000000c3c80000)
 Metaspace       used 34449K, capacity 35540K, committed 35672K, reserved 1081344K
  class space    used 4423K, capacity 4658K, committed 4736K, reserved 1048576K
GC Heap History (10 events):
Event: 8.292 GC heap before
{Heap before GC invocations=6 (full 1):
 PSYoungGen      total 68096K, used 2544K [0x00000000eb200000, 0x00000000f4400000, 0x0000000100000000)
  eden space 65536K, 0% used [0x00000000eb200000,0x00000000eb200000,0x00000000ef200000)
  from space 2560K, 99% used [0x00000000ef200000,0x00000000ef47c098,0x00000000ef480000)
  to   space 9216K, 0% used [0x00000000f3b00000,0x00000000f3b00000,0x00000000f4400000)
 ParOldGen       total 44032K, used 11579K [0x00000000c1600000, 0x00000000c4100000, 0x00000000eb200000)
  object space 44032K, 26% used [0x00000000c1600000,0x00000000c214ec08,0x00000000c4100000)
 Metaspace       used 20617K, capacity 21110K, committed 21248K, reserved 1067008K
  class space    used 2584K, capacity 2745K, committed 2816K, reserved 1048576K
Event: 8.391 GC heap after
Heap after GC invocations=6 (full 1):
 PSYoungGen      total 68096K, used 0K [0x00000000eb200000, 0x00000000f4400000, 0x0000000100000000)
  eden space 65536K, 0% used [0x00000000eb200000,0x00000000eb200000,0x00000000ef200000)
  from space 2560K, 0% used [0x00000000ef200000,0x00000000ef200000,0x00000000ef480000)
  to   space 9216K, 0% used [0x00000000f3b00000,0x00000000f3b00000,0x00000000f4400000)
 ParOldGen       total 39424K, used 9702K [0x00000000c1600000, 0x00000000c3c80000, 0x00000000eb200000)
  object space 39424K, 24% used [0x00000000c1600000,0x00000000c1f79ad0,0x00000000c3c80000)
 Metaspace       used 20617K, capacity 21110K, committed 21248K, reserved 1067008K
  class space    used 2584K, capacity 2745K, committed 2816K, reserved 1048576K
}
Event: 24.624 GC heap before
{Heap before GC invocations=7 (full 1):
 PSYoungGen      total 68096K, used 65536K [0x00000000eb200000, 0x00000000f4400000, 0x0000000100000000)
  eden space 65536K, 100% used [0x00000000eb200000,0x00000000ef200000,0x00000000ef200000)
  from space 2560K, 0% used [0x00000000ef200000,0x00000000ef200000,0x00000000ef480000)
  to   space 9216K, 0% used [0x00000000f3b00000,0x00000000f3b00000,0x00000000f4400000)
 ParOldGen       total 39424K, used 9702K [0x00000000c1600000, 0x00000000c3c80000, 0x00000000eb200000)
  object space 39424K, 24% used [0x00000000c1600000,0x00000000c1f79ad0,0x00000000c3c80000)
 Metaspace       used 26087K, capacity 26866K, committed 27136K, reserved 1073152K
  class space    used 3380K, capacity 3567K, committed 3584K, reserved 1048576K
Event: 24.635 GC heap after
Heap after GC invocations=7 (full 1):
 PSYoungGen      total 108032K, used 5986K [0x00000000eb200000, 0x00000000f4100000, 0x0000000100000000)
  eden space 101888K, 0% used [0x00000000eb200000,0x00000000eb200000,0x00000000f1580000)
  from space 6144K, 97% used [0x00000000f3b00000,0x00000000f40d8b98,0x00000000f4100000)
  to   space 9216K, 0% used [0x00000000f2f00000,0x00000000f2f00000,0x00000000f3800000)
 ParOldGen       total 39424K, used 9710K [0x00000000c1600000, 0x00000000c3c80000, 0x00000000eb200000)
  object space 39424K, 24% used [0x00000000c1600000,0x00000000c1f7bad0,0x00000000c3c80000)
 Metaspace       used 26087K, capacity 26866K, committed 27136K, reserved 1073152K
  class space    used 3380K, capacity 3567K, committed 3584K, reserved 1048576K
}
Event: 35.917 GC heap before
{Heap before GC invocations=8 (full 1):
 PSYoungGen      total 108032K, used 107874K [0x00000000eb200000, 0x00000000f4100000, 0x0000000100000000)
  eden space 101888K, 100% used [0x00000000eb200000,0x00000000f1580000,0x00000000f1580000)
  from space 6144K, 97% used [0x00000000f3b00000,0x00000000f40d8b98,0x00000000f4100000)
  to   space 9216K, 0% used [0x00000000f2f00000,0x00000000f2f00000,0x00000000f3800000)
 ParOldGen       total 39424K, used 9710K [0x00000000c1600000, 0x00000000c3c80000, 0x00000000eb200000)
  object space 39424K, 24% used [0x00000000c1600000,0x00000000c1f7bad0,0x00000000c3c80000)
 Metaspace       used 29950K, capacity 30948K, committed 31232K, reserved 1077248K
  class space    used 3824K, capacity 4020K, committed 4096K, reserved 1048576K
Event: 35.940 GC heap after
Heap after GC invocations=8 (full 1):
 PSYoungGen      total 137216K, used 9186K [0x00000000eb200000, 0x00000000f5c80000, 0x0000000100000000)
  eden space 128000K, 0% used [0x00000000eb200000,0x00000000eb200000,0x00000000f2f00000)
  from space 9216K, 99% used [0x00000000f2f00000,0x00000000f37f8a38,0x00000000f3800000)
  to   space 11264K, 0% used [0x00000000f5180000,0x00000000f5180000,0x00000000f5c80000)
 ParOldGen       total 39424K, used 10944K [0x00000000c1600000, 0x00000000c3c80000, 0x00000000eb200000)
  object space 39424K, 27% used [0x00000000c1600000,0x00000000c20b0190,0x00000000c3c80000)
 Metaspace       used 29950K, capacity 30948K, committed 31232K, reserved 1077248K
  class space    used 3824K, capacity 4020K, committed 4096K, reserved 1048576K
}
Event: 41.314 GC heap before
{Heap before GC invocations=9 (full 1):
 PSYoungGen      total 137216K, used 118746K [0x00000000eb200000, 0x00000000f5c80000, 0x0000000100000000)
  eden space 128000K, 85% used [0x00000000eb200000,0x00000000f1cfdfd8,0x00000000f2f00000)
  from space 9216K, 99% used [0x00000000f2f00000,0x00000000f37f8a38,0x00000000f3800000)
  to   space 11264K, 0% used [0x00000000f5180000,0x00000000f5180000,0x00000000f5c80000)
 ParOldGen       total 39424K, used 10944K [0x00000000c1600000, 0x00000000c3c80000, 0x00000000eb200000)
  object space 39424K, 27% used [0x00000000c1600000,0x00000000c20b0190,0x00000000c3c80000)
 Metaspace       used 34192K, capacity 35252K, committed 35416K, reserved 1079296K
  class space    used 4388K, capacity 4626K, committed 4736K, reserved 1048576K
Event: 41.347 GC heap after
Heap after GC invocations=9 (full 1):
 PSYoungGen      total 139264K, used 11235K [0x00000000eb200000, 0x00000000f5c80000, 0x0000000100000000)
  eden space 128000K, 0% used [0x00000000eb200000,0x00000000eb200000,0x00000000f2f00000)
  from space 11264K, 99% used [0x00000000f5180000,0x00000000f5c78cb0,0x00000000f5c80000)
  to   space 9216K, 0% used [0x00000000f2f00000,0x00000000f2f00000,0x00000000f3800000)
 ParOldGen       total 39424K, used 14508K [0x00000000c1600000, 0x00000000c3c80000, 0x00000000eb200000)
  object space 39424K, 36% used [0x00000000c1600000,0x00000000c242b1e0,0x00000000c3c80000)
 Metaspace       used 34192K, capacity 35252K, committed 35416K, reserved 1079296K
  class space    used 4388K, capacity 4626K, committed 4736K, reserved 1048576K
}
Event: 41.347 GC heap before
{Heap before GC invocations=10 (full 2):
 PSYoungGen      total 139264K, used 11235K [0x00000000eb200000, 0x00000000f5c80000, 0x0000000100000000)
  eden space 128000K, 0% used [0x00000000eb200000,0x00000000eb200000,0x00000000f2f00000)
  from space 11264K, 99% used [0x00000000f5180000,0x00000000f5c78cb0,0x00000000f5c80000)
  to   space 9216K, 0% used [0x00000000f2f00000,0x00000000f2f00000,0x00000000f3800000)
 ParOldGen       total 39424K, used 14508K [0x00000000c1600000, 0x00000000c3c80000, 0x00000000eb200000)
  object space 39424K, 36% used [0x00000000c1600000,0x00000000c242b1e0,0x00000000c3c80000)
 Metaspace       used 34192K, capacity 35252K, committed 35416K, reserved 1079296K
  class space    used 4388K, capacity 4626K, committed 4736K, reserved 1048576K
Event: 41.675 GC heap after
Heap after GC invocations=10 (full 2):
 PSYoungGen      total 139264K, used 0K [0x00000000eb200000, 0x00000000f5c80000, 0x0000000100000000)
  eden space 128000K, 0% used [0x00000000eb200000,0x00000000eb200000,0x00000000f2f00000)
  from space 11264K, 0% used [0x00000000f5180000,0x00000000f5180000,0x00000000f5c80000)
  to   space 9216K, 0% used [0x00000000f2f00000,0x00000000f2f00000,0x00000000f3800000)
 ParOldGen       total 39424K, used 19300K [0x00000000c1600000, 0x00000000c3c80000, 0x00000000eb200000)
  object space 39424K, 48% used [0x00000000c1600000,0x00000000c28d9310,0x00000000c3c80000)
 Metaspace       used 34192K, capacity 35252K, committed 35416K, reserved 1079296K
  class space    used 4388K, capacity 4626K, committed 4736K, reserved 1048576K
}

